mobile-app/android/app/build/intermediates/manifest_merge_blame_file/debug/manifest-merger-blame-debug-report.txt
1<?xml version="1.0" encoding="utf-8"?>
2<manifest xmlns:android="http://schemas.android.com/apk/res/android"
3    package="com.mldemo"
4    android:versionCode="1"
5    android:versionName="1.0" >
6
7    <uses-sdk
8        android:minSdkVersion="21"
9        android:targetSdkVersion="29" />
10
11    <uses-permission android:name="android.permission.SYSTEM_ALERT_WINDOW" />
11-->src\debug\AndroidManifest.xml:5:5-77
11-->src\debug\AndroidManifest.xml:5:22-75
12    <uses-permission android:name="android.permission.INTERNET" />
12-->src\main\AndroidManifest.xml:4:5-67
12-->src\main\AndroidManifest.xml:4:22-64
13    <uses-permission android:name="android.permission.CAMERA" />
13-->src\main\AndroidManifest.xml:5:5-65
13-->src\main\AndroidManifest.xml:5:22-62
14    <uses-permission android:name="android.permission.WRITE_EXTERNAL_STORAGE" />
14-->src\main\AndroidManifest.xml:6:5-81
14-->src\main\AndroidManifest.xml:6:22-78
15    <uses-permission android:name="android.permission.READ_EXTERNAL_STORAGE" />
15-->src\main\AndroidManifest.xml:7:5-80
15-->src\main\AndroidManifest.xml:7:22-77
16
17    <uses-feature
17-->src\main\AndroidManifest.xml:8:5-84
18        android:name="android.hardware.camera"
18-->src\main\AndroidManifest.xml:8:19-57
19        android:required="false" />
19-->src\main\AndroidManifest.xml:8:58-82
20    <uses-feature
20-->src\main\AndroidManifest.xml:9:5-90
21        android:name="android.hardware.camera.front"
21-->src\main\AndroidManifest.xml:9:19-63
22        android:required="false" />
22-->src\main\AndroidManifest.xml:9:64-88
23    <uses-feature
23-->src\main\AndroidManifest.xml:10:5-94
24        android:name="android.hardware.camera.autofocus"
24-->src\main\AndroidManifest.xml:10:19-67
25        android:required="false" />
25-->src\main\AndroidManifest.xml:10:68-92
26
27    <uses-permission android:name="android.permission.ACCESS_WIFI_STATE" />
27-->[com.facebook.flipper:flipper:0.75.1] AndroidManifest.xml:16:5-76
27-->[com.facebook.flipper:flipper:0.75.1] AndroidManifest.xml:16:22-73
28
29    <application
29-->src\main\AndroidManifest.xml:12:5-31:19
30        android:name="com.mldemo.MainApplication"
30-->src\main\AndroidManifest.xml:13:7-38
31        android:allowBackup="false"
31-->src\main\AndroidManifest.xml:17:7-34
32        android:appComponentFactory="androidx.core.app.CoreComponentFactory"
32-->[androidx.core:core:1.3.1] AndroidManifest.xml:24:18-86
33        android:debuggable="true"
34        android:icon="@mipmap/ic_launcher"
34-->src\main\AndroidManifest.xml:15:7-41
35        android:label="@string/app_name"
35-->src\main\AndroidManifest.xml:14:7-39
36        android:roundIcon="@mipmap/ic_launcher_round"
36-->src\main\AndroidManifest.xml:16:7-52
37        android:theme="@style/AppTheme"
37-->src\main\AndroidManifest.xml:18:7-38
38        android:usesCleartextTraffic="true" >
38-->src\debug\AndroidManifest.xml:8:9-44
39        <activity android:name="com.facebook.react.devsupport.DevSettingsActivity" />
39-->src\debug\AndroidManifest.xml:11:9-86
39-->src\debug\AndroidManifest.xml:11:19-83
40        <activity
40-->src\main\AndroidManifest.xml:19:7-30:18
41            android:name="com.mldemo.MainActivity"
41-->src\main\AndroidManifest.xml:20:9-37
42            android:configChanges="keyboard|keyboardHidden|orientation|screenSize|uiMode"
42-->src\main\AndroidManifest.xml:22:9-86
43            android:label="@string/app_name"
43-->src\main\AndroidManifest.xml:21:9-41
44            android:launchMode="singleTask"
44-->src\main\AndroidManifest.xml:23:9-40
45            android:windowSoftInputMode="adjustResize" >
45-->src\main\AndroidManifest.xml:24:9-51
46            <intent-filter>
46-->src\main\AndroidManifest.xml:25:9-28:25
47                <action android:name="android.intent.action.MAIN" />
47-->src\main\AndroidManifest.xml:26:13-65
47-->src\main\AndroidManifest.xml:26:21-62
48
49                <category android:name="android.intent.category.LAUNCHER" />
49-->src\main\AndroidManifest.xml:27:13-73
49-->src\main\AndroidManifest.xml:27:23-70
50            </intent-filter>
51        </activity>
52
53        <provider
53-->[:react-native-image-picker] AndroidManifest.xml:12:9-20:20
54            android:name="com.imagepicker.ImagePickerProvider"
54-->[:react-native-image-picker] AndroidManifest.xml:13:13-63
55            android:authorities="com.mldemo.imagepickerprovider"
55-->[:react-native-image-picker] AndroidManifest.xml:14:13-71
56            android:exported="false"
56-->[:react-native-image-picker] AndroidManifest.xml:15:13-37
57            android:grantUriPermissions="true" >
57-->[:react-native-image-picker] AndroidManifest.xml:16:13-47
58            <meta-data
58-->[:react-native-image-picker] AndroidManifest.xml:17:13-19:70
59                android:name="android.support.FILE_PROVIDER_PATHS"
59-->[:react-native-image-picker] AndroidManifest.xml:18:17-67
60                android:resource="@xml/imagepicker_provider_paths" />
60-->[:react-native-image-picker] AndroidManifest.xml:19:17-67
61        </provider>
62    </application>
63
64</manifest>